<?xml version="1.0" encoding="UTF-8"?>
<!-- Generated by org.testng.reporters.JUnitXMLReporter -->
<testsuite ignored="0" hostname="DESKTOP-DKGOJOA" failures="0" tests="5" name="Default test" time="3.333" errors="0" timestamp="2024-03-04T21:27:04 IST">
  <testcase classname="com.Flyaway.Flyaway_Capstone_API" name="testLoginAction" time="2.182"/>
  <testcase classname="com.Flyaway.Flyaway_Capstone_API" name="login" time="0.1"/>
  <testcase classname="com.Flyaway.Flyaway_Capstone_API" name="homepage" time="0.08"/>
  <testcase classname="com.Flyaway.Flyaway_Capstone_API" name="BookFlight" time="0.099"/>
  <testcase classname="com.Flyaway.Flyaway_Capstone_API" name="completepurchase" time="0.043"/>
</testsuite> <!-- Default test -->
